[debug] [2024-09-06T06:16:54.998Z] ----------------------------------------------------------------------
[debug] [2024-09-06T06:16:55.000Z] Command:       C:\Program Files\nodejs\node.exe C:\Users\tanma\AppData\Roaming\npm\node_modules\firebase-tools\lib\bin\firebase.js init
[debug] [2024-09-06T06:16:55.001Z] CLI Version:   13.16.0
[debug] [2024-09-06T06:16:55.001Z] Platform:      win32
[debug] [2024-09-06T06:16:55.001Z] Node Version:  v20.11.1
[debug] [2024-09-06T06:16:55.001Z] Time:          Fri Sep 06 2024 11:46:55 GMT+0530 (India Standard Time)
[debug] [2024-09-06T06:16:55.001Z] ----------------------------------------------------------------------
[debug] 
[debug] [2024-09-06T06:16:55.008Z] > command requires scopes: ["email","openid","https://www.googleapis.com/auth/cloudplatformprojects.readonly","https://www.googleapis.com/auth/firebase","https://www.googleapis.com/auth/cloud-platform"]
[debug] [2024-09-06T06:16:55.009Z] > authorizing via signed-in user (kulkarniworkk@gmail.com)
[info] 
     ######## #### ########  ######## ########     ###     ######  ########
     ##        ##  ##     ## ##       ##     ##  ##   ##  ##       ##
     ######    ##  ########  ######   ########  #########  ######  ######
     ##        ##  ##    ##  ##       ##     ## ##     ##       ## ##
     ##       #### ##     ## ######## ########  ##     ##  ######  ########

You're about to initialize a Firebase project in this directory:

  C:\Users\tanma\OneDrive\Desktop\all projects\new spotify

[info] 
=== Project Setup
[info] 
[info] First, let's associate this project directory with a Firebase project.
[info] You can create multiple project aliases by running firebase use --add, 
[info] but for now we'll just set up a default project.
[info] 
[debug] [2024-09-06T06:17:15.487Z] >>> [apiv2][query] GET https://firebase.googleapis.com/v1beta1/projects pageSize=100
[debug] [2024-09-06T06:17:16.429Z] <<< [apiv2][status] GET https://firebase.googleapis.com/v1beta1/projects 200
[debug] [2024-09-06T06:17:16.430Z] <<< [apiv2][body] GET https://firebase.googleapis.com/v1beta1/projects [omitted]
[info] i  Using project spotify-dfc57 (Spotify) 
[info] 
=== Hosting Setup
[debug] [2024-09-06T06:17:17.794Z] >>> [apiv2][query] GET https://firebase.googleapis.com/v1beta1/projects/spotify-dfc57 [none]
[debug] [2024-09-06T06:17:18.135Z] <<< [apiv2][status] GET https://firebase.googleapis.com/v1beta1/projects/spotify-dfc57 200
[debug] [2024-09-06T06:17:18.136Z] <<< [apiv2][body] GET https://firebase.googleapis.com/v1beta1/projects/spotify-dfc57 {"projectId":"spotify-dfc57","projectNumber":"986404530998","displayName":"Spotify","name":"projects/spotify-dfc57","resources":{"hostingSite":"spotify-dfc57"},"state":"ACTIVE","etag":"1_e6056f3d-c198-4d16-b9c7-b9a8f9b0d55b"}
[info] 
[info] Your public directory is the folder (relative to your project directory) that
[info] will contain Hosting assets to be uploaded with firebase deploy. If you
[info] have a build process for your assets, use your build's output directory.
[info] 
